Loaded batch 0 (pbmc10k): 11898 cells

Combined: 11898 cells | 4000 genes | 143836 peaks | 1 batch(es)

Training on cuda
  11898 cells | 4000 genes | 143836 peaks | 522 TFs | 1 batch(es)
  latent_dim=128 | batch_size=128 | epochs=120 | lr=0.001

Epoch    1/120 | loss: 26805052034.1505 | {'L_ATAC': 8224574.0, 'L_RNA': 373028.0625, 'L_KL': 1.767601490020752, 'L_TF_corr': 1.3757157546478993e-07, 'L_sparse': 0.0019157088827341795, 'L_peak_gene': 196806.75}
Epoch    2/120 | loss: 37486617.1398 | {'L_ATAC': 6619542.5, 'L_RNA': 259420.265625, 'L_KL': 1.8614418506622314, 'L_TF_corr': -2.69551825304859e-10, 'L_sparse': 0.0019157088827341795, 'L_peak_gene': 196396.765625}
Epoch    3/120 | loss: 32872944.5591 | {'L_ATAC': 6702328.0, 'L_RNA': 236287.046875, 'L_KL': 2.022275924682617, 'L_TF_corr': -8.985060612198836e-11, 'L_sparse': 0.0019157088827341795, 'L_peak_gene': 195906.65625}
Epoch    4/120 | loss: 30464858.8602 | {'L_ATAC': 5752616.5, 'L_RNA': 199210.875, 'L_KL': 2.0548200607299805, 'L_TF_corr': -2.396016163253023e-10, 'L_sparse': 0.0019157088827341795, 'L_peak_gene': 195215.15625}
Epoch    5/120 | loss: 28373942.6022 | {'L_ATAC': 5974957.0, 'L_RNA': 196977.5625, 'L_KL': 2.1754448413848877, 'L_TF_corr': -5.480821528180968e-06, 'L_sparse': 0.0019157088827341795, 'L_peak_gene': 194336.46875}
Epoch    6/120 | loss: 28056264.2366 | {'L_ATAC': 6355372.0, 'L_RNA': 194616.71875, 'L_KL': 2.246716022491455, 'L_TF_corr': -1.048257036728728e-10, 'L_sparse': 0.0019157088827341795, 'L_peak_gene': 193183.6875}
Epoch    7/120 | loss: 26435378.0000 | {'L_ATAC': 5649921.5, 'L_RNA': 186058.4375, 'L_KL': 2.3183603286743164, 'L_TF_corr': -2.396016163253023e-10, 'L_sparse': 0.0019157088827341795, 'L_peak_gene': 191969.5625}
Epoch    8/120 | loss: 26213546.4516 | {'L_ATAC': 5585628.0, 'L_RNA': 184863.1875, 'L_KL': 2.3854198455810547, 'L_TF_corr': -2.69551825304859e-10, 'L_sparse': 0.0019157088827341795, 'L_peak_gene': 190799.453125}
Epoch    9/120 | loss: 25321726.1935 | {'L_ATAC': 6094968.5, 'L_RNA': 186703.5625, 'L_KL': 2.502398729324341, 'L_TF_corr': -3.5940242448795345e-10, 'L_sparse': 0.0019157088827341795, 'L_peak_gene': 189157.5}
Epoch   10/120 | loss: 24961566.2796 | {'L_ATAC': 5799025.5, 'L_RNA': 174057.046875, 'L_KL': 2.5770602226257324, 'L_TF_corr': -2.396016163253023e-10, 'L_sparse': 0.0019157088827341795, 'L_peak_gene': 187853.78125}
  Saved checkpoint: checkpoints/checkpoint_epoch10.pt
Epoch   11/120 | loss: 24567694.0215 | {'L_ATAC': 5943184.5, 'L_RNA': 176696.875, 'L_KL': 2.557704448699951, 'L_TF_corr': -8.985060612198836e-11, 'L_sparse': 0.0019157088827341795, 'L_peak_gene': 186507.75}
Epoch   12/120 | loss: 24437160.1720 | {'L_ATAC': 5894083.0, 'L_RNA': 167317.34375, 'L_KL': 2.6724746227264404, 'L_TF_corr': -5.990040408132558e-11, 'L_sparse': 0.0019157088827341795, 'L_peak_gene': 185421.921875}
Epoch   13/120 | loss: 24180916.4301 | {'L_ATAC': 6498954.0, 'L_RNA': 178427.28125, 'L_KL': 2.7168538570404053, 'L_TF_corr': -1.048257036728728e-10, 'L_sparse': 0.0019157088827341795, 'L_peak_gene': 184276.90625}
Epoch   14/120 | loss: 24128112.7527 | {'L_ATAC': 5726784.0, 'L_RNA': 172836.5625, 'L_KL': 2.8072879314422607, 'L_TF_corr': -4.792032326506046e-10, 'L_sparse': 0.0019157088827341795, 'L_peak_gene': 183161.828125}
Epoch   15/120 | loss: 24197186.2366 | {'L_ATAC': 5263830.0, 'L_RNA': 165646.3125, 'L_KL': 2.914242744445801, 'L_TF_corr': -1.1980080816265115e-10, 'L_sparse': 0.0019157088827341795, 'L_peak_gene': 182280.609375}
Epoch   16/120 | loss: 23897609.1398 | {'L_ATAC': 5720473.0, 'L_RNA': 165411.75, 'L_KL': 2.857963800430298, 'L_TF_corr': -1.1980080816265115e-10, 'L_sparse': 0.0019157088827341795, 'L_peak_gene': 181521.09375}
Epoch   17/120 | loss: 23779726.0645 | {'L_ATAC': 5797883.0, 'L_RNA': 161422.796875, 'L_KL': 2.930203676223755, 'L_TF_corr': -1.4975101714220784e-10, 'L_sparse': 0.0019157088827341795, 'L_peak_gene': 180731.53125}
Epoch   18/120 | loss: 23830928.6022 | {'L_ATAC': 6016789.0, 'L_RNA': 168309.71875, 'L_KL': 2.953599214553833, 'L_TF_corr': -3.8935263346751015e-10, 'L_sparse': 0.0019157088827341795, 'L_peak_gene': 180034.59375}
Epoch   19/120 | loss: 23810930.8817 | {'L_ATAC': 5702060.0, 'L_RNA': 167832.4375, 'L_KL': 3.0147387981414795, 'L_TF_corr': -1.048257036728728e-10, 'L_sparse': 0.0019157088827341795, 'L_peak_gene': 179407.8125}
Epoch   20/120 | loss: 23634531.4624 | {'L_ATAC': 6386742.5, 'L_RNA': 181347.8125, 'L_KL': 3.089860677719116, 'L_TF_corr': -4.792032326506046e-10, 'L_sparse': 0.0019157088827341795, 'L_peak_gene': 178878.90625}
  Saved checkpoint: checkpoints/checkpoint_epoch20.pt
Epoch   21/120 | loss: 23813605.6344 | {'L_ATAC': 5849537.0, 'L_RNA': 168388.8125, 'L_KL': 3.088592767715454, 'L_TF_corr': -2.995020342844157e-10, 'L_sparse': 0.0019157088827341795, 'L_peak_gene': 178282.09375}
Epoch   22/120 | loss: 23540878.8387 | {'L_ATAC': 5882597.0, 'L_RNA': 168334.90625, 'L_KL': 3.1666975021362305, 'L_TF_corr': -2.995020204066279e-11, 'L_sparse': 0.0019157088827341795, 'L_peak_gene': 177782.203125}
Epoch   23/120 | loss: 23578580.9892 | {'L_ATAC': 5607861.0, 'L_RNA': 164172.4375, 'L_KL': 3.2641427516937256, 'L_TF_corr': -2.995020342844157e-10, 'L_sparse': 0.0019157088827341795, 'L_peak_gene': 177255.96875}
Epoch   24/120 | loss: 23499566.1935 | {'L_ATAC': 5524116.0, 'L_RNA': 161871.9375, 'L_KL': 3.223727226257324, 'L_TF_corr': -5.990040408132558e-11, 'L_sparse': 0.0019157088827341795, 'L_peak_gene': 176806.1875}
Epoch   25/120 | loss: 23424715.3118 | {'L_ATAC': 5680347.5, 'L_RNA': 168364.59375, 'L_KL': 3.3192052841186523, 'L_TF_corr': -0.0, 'L_sparse': 0.0019157088827341795, 'L_peak_gene': 176390.75}
Epoch   26/120 | loss: 23473684.7957 | {'L_ATAC': 5895393.5, 'L_RNA': 170926.09375, 'L_KL': 3.3689067363739014, 'L_TF_corr': 1.7970121224397673e-10, 'L_sparse': 0.0019157088827341795, 'L_peak_gene': 176017.265625}
Epoch   27/120 | loss: 23419466.6667 | {'L_ATAC': 5613045.5, 'L_RNA': 162819.65625, 'L_KL': 3.3214058876037598, 'L_TF_corr': -3.8935263346751015e-10, 'L_sparse': 0.0019157088827341795, 'L_peak_gene': 175670.421875}
Epoch   28/120 | loss: 23541863.2473 | {'L_ATAC': 6136679.0, 'L_RNA': 175970.0, 'L_KL': 3.425084114074707, 'L_TF_corr': -5.39103650609718e-10, 'L_sparse': 0.0019157088827341795, 'L_peak_gene': 175352.25}
Epoch   29/120 | loss: 23350134.1505 | {'L_ATAC': 5888879.0, 'L_RNA': 163196.609375, 'L_KL': 3.454730272293091, 'L_TF_corr': -1.7970121224397673e-10, 'L_sparse': 0.0019157088827341795, 'L_peak_gene': 174983.3125}
Epoch   30/120 | loss: 23304929.2688 | {'L_ATAC': 6021511.0, 'L_RNA': 169143.53125, 'L_KL': 3.4589762687683105, 'L_TF_corr': 6.131615009508096e-06, 'L_sparse': 0.0019157089991495013, 'L_peak_gene': 174685.34375}
  Saved checkpoint: checkpoints/checkpoint_epoch30.pt
Epoch   31/120 | loss: 23273324.1720 | {'L_ATAC': 5286559.0, 'L_RNA': 167125.6875, 'L_KL': 3.509836435317993, 'L_TF_corr': -1.6344114555977285e-05, 'L_sparse': 0.0019157088827341795, 'L_peak_gene': 174404.03125}
Epoch   32/120 | loss: 23276321.2903 | {'L_ATAC': 5855505.0, 'L_RNA': 168736.71875, 'L_KL': 3.6261823177337646, 'L_TF_corr': 1.7970121224397673e-10, 'L_sparse': 0.0019157088827341795, 'L_peak_gene': 174154.625}
Epoch   33/120 | loss: 23220805.6774 | {'L_ATAC': 5773269.0, 'L_RNA': 163673.6875, 'L_KL': 3.6883485317230225, 'L_TF_corr': 2.995020204066279e-11, 'L_sparse': 0.0019157088827341795, 'L_peak_gene': 173864.875}
Epoch   34/120 | loss: 23488975.8280 | {'L_ATAC': 5536288.0, 'L_RNA': 170870.25, 'L_KL': 3.6406195163726807, 'L_TF_corr': 4.969462679582648e-06, 'L_sparse': 0.0019157087663188577, 'L_peak_gene': 173625.0625}
Epoch   35/120 | loss: 23189163.6344 | {'L_ATAC': 5523122.5, 'L_RNA': 164585.0625, 'L_KL': 3.7026054859161377, 'L_TF_corr': 2.2970731151872315e-05, 'L_sparse': 0.0019157088827341795, 'L_peak_gene': 173338.546875}
Epoch   36/120 | loss: 23258697.6774 | {'L_ATAC': 5522461.0, 'L_RNA': 163552.65625, 'L_KL': 3.7117998600006104, 'L_TF_corr': -2.096514073457456e-10, 'L_sparse': 0.0019157088827341795, 'L_peak_gene': 173103.71875}
Epoch   37/120 | loss: 23193271.8065 | {'L_ATAC': 5752825.5, 'L_RNA': 169690.4375, 'L_KL': 3.7040510177612305, 'L_TF_corr': -0.0006278923247009516, 'L_sparse': 0.0019157088827341795, 'L_peak_gene': 172882.0}
Epoch   38/120 | loss: 23216914.3441 | {'L_ATAC': 5486642.0, 'L_RNA': 163816.53125, 'L_KL': 3.7616004943847656, 'L_TF_corr': 1.1318955330352765e-05, 'L_sparse': 0.0019157088827341795, 'L_peak_gene': 172651.9375}
Epoch   39/120 | loss: 23146738.0215 | {'L_ATAC': 5685442.0, 'L_RNA': 164621.3125, 'L_KL': 3.8010342121124268, 'L_TF_corr': -1.3749164281762205e-05, 'L_sparse': 0.0019157088827341795, 'L_peak_gene': 172413.046875}
Epoch   40/120 | loss: 23169925.1828 | {'L_ATAC': 5639296.5, 'L_RNA': 160825.46875, 'L_KL': 3.7602596282958984, 'L_TF_corr': -2.9668028673768276e-06, 'L_sparse': 0.0019157088827341795, 'L_peak_gene': 172204.125}
  Saved checkpoint: checkpoints/checkpoint_epoch40.pt
Epoch   41/120 | loss: 23058428.5806 | {'L_ATAC': 5762614.0, 'L_RNA': 162285.015625, 'L_KL': 3.8535258769989014, 'L_TF_corr': 5.990040408132558e-11, 'L_sparse': 0.0019157088827341795, 'L_peak_gene': 172011.0}
Epoch   42/120 | loss: 23093907.3118 | {'L_ATAC': 5604105.0, 'L_RNA': 170243.9375, 'L_KL': 3.8325536251068115, 'L_TF_corr': 2.396016163253023e-10, 'L_sparse': 0.0019157088827341795, 'L_peak_gene': 171799.75}
Epoch   43/120 | loss: 23212432.1075 | {'L_ATAC': 5423653.0, 'L_RNA': 164686.6875, 'L_KL': 3.8933656215667725, 'L_TF_corr': -2.396016163253023e-10, 'L_sparse': 0.0019157088827341795, 'L_peak_gene': 171593.546875}
Epoch   44/120 | loss: 23077858.4516 | {'L_ATAC': 5766686.0, 'L_RNA': 160827.34375, 'L_KL': 3.9599177837371826, 'L_TF_corr': -5.39103650609718e-10, 'L_sparse': 0.0019157088827341795, 'L_peak_gene': 171401.65625}
Epoch   45/120 | loss: 23023725.5484 | {'L_ATAC': 5472898.0, 'L_RNA': 164694.03125, 'L_KL': 3.9688644409179688, 'L_TF_corr': 5.990040408132558e-11, 'L_sparse': 0.0019157088827341795, 'L_peak_gene': 171205.65625}
Epoch   46/120 | loss: 23045671.4839 | {'L_ATAC': 5694526.5, 'L_RNA': 162230.484375, 'L_KL': 3.9656028747558594, 'L_TF_corr': -2.396016163253023e-10, 'L_sparse': 0.0019157088827341795, 'L_peak_gene': 171004.734375}
Epoch   47/120 | loss: 23117932.7527 | {'L_ATAC': 5542135.0, 'L_RNA': 165557.84375, 'L_KL': 4.07038688659668, 'L_TF_corr': -5.990040408132558e-11, 'L_sparse': 0.0019157088827341795, 'L_peak_gene': 170814.09375}
Epoch   48/120 | loss: 23040124.0860 | {'L_ATAC': 5440723.5, 'L_RNA': 165883.40625, 'L_KL': 4.043840408325195, 'L_TF_corr': -3.5940242448795345e-10, 'L_sparse': 0.0019157088827341795, 'L_peak_gene': 170649.125}
Epoch   49/120 | loss: 23036888.3441 | {'L_ATAC': 5599837.0, 'L_RNA': 159377.671875, 'L_KL': 4.054943084716797, 'L_TF_corr': -2.995020342844157e-10, 'L_sparse': 0.0019157088827341795, 'L_peak_gene': 170457.859375}
Epoch   50/120 | loss: 22992615.5699 | {'L_ATAC': 5466303.5, 'L_RNA': 160801.734375, 'L_KL': 4.058387756347656, 'L_TF_corr': -0.0, 'L_sparse': 0.0019157088827341795, 'L_peak_gene': 170281.75}
  Saved checkpoint: checkpoints/checkpoint_epoch50.pt
Epoch   51/120 | loss: 22965042.6237 | {'L_ATAC': 5977215.0, 'L_RNA': 177537.4375, 'L_KL': 4.131725788116455, 'L_TF_corr': -3.444273199981751e-10, 'L_sparse': 0.0019157088827341795, 'L_peak_gene': 170107.515625}
Epoch   52/120 | loss: 22938708.5591 | {'L_ATAC': 5812173.0, 'L_RNA': 167029.625, 'L_KL': 4.132655143737793, 'L_TF_corr': -3.5940242448795345e-10, 'L_sparse': 0.0019157088827341795, 'L_peak_gene': 169957.625}
Epoch   53/120 | loss: 23035655.5054 | {'L_ATAC': 5682176.0, 'L_RNA': 167249.859375, 'L_KL': 4.15234899520874, 'L_TF_corr': -0.0, 'L_sparse': 0.0019157088827341795, 'L_peak_gene': 169805.0}
Epoch   54/120 | loss: 22918415.5484 | {'L_ATAC': 5552846.0, 'L_RNA': 161274.625, 'L_KL': 4.1163411140441895, 'L_TF_corr': -1.9467631673375507e-10, 'L_sparse': 0.0019157088827341795, 'L_peak_gene': 169654.890625}
Epoch   55/120 | loss: 22929448.9677 | {'L_ATAC': 5618312.0, 'L_RNA': 159484.03125, 'L_KL': 4.208139419555664, 'L_TF_corr': -4.792032326506046e-10, 'L_sparse': 0.0019157088827341795, 'L_peak_gene': 169499.28125}
Epoch   56/120 | loss: 22946119.8495 | {'L_ATAC': 5966147.0, 'L_RNA': 166162.5, 'L_KL': 4.312961101531982, 'L_TF_corr': -4.193028146914912e-10, 'L_sparse': 0.0019157088827341795, 'L_peak_gene': 169337.1875}
Epoch   57/120 | loss: 23048721.2258 | {'L_ATAC': 5895208.0, 'L_RNA': 166314.46875, 'L_KL': 4.193166732788086, 'L_TF_corr': 2.995020204066279e-11, 'L_sparse': 0.0019157088827341795, 'L_peak_gene': 169175.546875}
Epoch   58/120 | loss: 22930334.3011 | {'L_ATAC': 5497109.0, 'L_RNA': 168921.8125, 'L_KL': 4.284329891204834, 'L_TF_corr': -0.0, 'L_sparse': 0.0019157088827341795, 'L_peak_gene': 169023.21875}
Epoch   59/120 | loss: 22948477.2043 | {'L_ATAC': 5541746.0, 'L_RNA': 160934.046875, 'L_KL': 4.286656856536865, 'L_TF_corr': -2.396016163253023e-10, 'L_sparse': 0.0019157088827341795, 'L_peak_gene': 168865.828125}
Epoch   60/120 | loss: 22881438.0215 | {'L_ATAC': 5519783.5, 'L_RNA': 167110.28125, 'L_KL': 4.358560085296631, 'L_TF_corr': -4.492530236710479e-10, 'L_sparse': 0.0019157088827341795, 'L_peak_gene': 168724.84375}
  Saved checkpoint: checkpoints/checkpoint_epoch60.pt
Epoch   61/120 | loss: 22892925.0538 | {'L_ATAC': 5598493.5, 'L_RNA': 151267.546875, 'L_KL': 4.39478874206543, 'L_TF_corr': 8.985060612198836e-11, 'L_sparse': 0.0019157088827341795, 'L_peak_gene': 168601.484375}
Epoch   62/120 | loss: 22909762.9677 | {'L_ATAC': 5473998.0, 'L_RNA': 153380.34375, 'L_KL': 4.342595100402832, 'L_TF_corr': 8.985060612198836e-11, 'L_sparse': 0.0019157088827341795, 'L_peak_gene': 168463.34375}
Epoch   63/120 | loss: 22867513.0108 | {'L_ATAC': 5401876.0, 'L_RNA': 160357.90625, 'L_KL': 4.427883625030518, 'L_TF_corr': -2.995020342844157e-10, 'L_sparse': 0.0019157088827341795, 'L_peak_gene': 168323.1875}
Epoch   64/120 | loss: 22864364.4301 | {'L_ATAC': 5488309.0, 'L_RNA': 157648.140625, 'L_KL': 4.487424850463867, 'L_TF_corr': -1.1980080816265115e-10, 'L_sparse': 0.0019157088827341795, 'L_peak_gene': 168182.25}
Epoch   65/120 | loss: 22914751.8495 | {'L_ATAC': 5623525.0, 'L_RNA': 163979.8125, 'L_KL': 4.426308631896973, 'L_TF_corr': -3.5940242448795345e-10, 'L_sparse': 0.0019157088827341795, 'L_peak_gene': 168040.265625}
Epoch   66/120 | loss: 22833046.1290 | {'L_ATAC': 5723387.0, 'L_RNA': 172200.296875, 'L_KL': 4.470678806304932, 'L_TF_corr': -5.690538595892747e-10, 'L_sparse': 0.0019157088827341795, 'L_peak_gene': 167901.21875}
Epoch   67/120 | loss: 22941795.9140 | {'L_ATAC': 5747226.0, 'L_RNA': 162625.0, 'L_KL': 4.508260726928711, 'L_TF_corr': -3.5940242448795345e-10, 'L_sparse': 0.0019157088827341795, 'L_peak_gene': 167757.25}
Epoch   68/120 | loss: 22836500.0430 | {'L_ATAC': 5276134.0, 'L_RNA': 152692.46875, 'L_KL': 4.513720512390137, 'L_TF_corr': -0.0, 'L_sparse': 0.0019157088827341795, 'L_peak_gene': 167648.28125}
Epoch   69/120 | loss: 22846578.0645 | {'L_ATAC': 5615049.5, 'L_RNA': 162760.84375, 'L_KL': 4.551490306854248, 'L_TF_corr': -3.2945221550839676e-10, 'L_sparse': 0.0019157088827341795, 'L_peak_gene': 167514.765625}
Epoch   70/120 | loss: 22959504.9247 | {'L_ATAC': 5267643.5, 'L_RNA': 155543.71875, 'L_KL': 4.625617980957031, 'L_TF_corr': -5.990040408132558e-11, 'L_sparse': 0.0019157088827341795, 'L_peak_gene': 167389.75}
  Saved checkpoint: checkpoints/checkpoint_epoch70.pt
Epoch   71/120 | loss: 22950392.1290 | {'L_ATAC': 5720835.0, 'L_RNA': 160307.8125, 'L_KL': 4.7303290367126465, 'L_TF_corr': -1.1980080816265115e-10, 'L_sparse': 0.0019157088827341795, 'L_peak_gene': 167269.078125}
Epoch   72/120 | loss: 22882292.0860 | {'L_ATAC': 5534935.0, 'L_RNA': 158891.8125, 'L_KL': 4.639488220214844, 'L_TF_corr': 1.9467631673375507e-10, 'L_sparse': 0.0019157088827341795, 'L_peak_gene': 167152.859375}
Epoch   73/120 | loss: 22877022.2366 | {'L_ATAC': 5678526.0, 'L_RNA': 162298.3125, 'L_KL': 4.699852466583252, 'L_TF_corr': -4.193028146914912e-10, 'L_sparse': 0.0019157088827341795, 'L_peak_gene': 167016.46875}
Epoch   74/120 | loss: 22831523.6559 | {'L_ATAC': 5651382.5, 'L_RNA': 163601.46875, 'L_KL': 4.667820930480957, 'L_TF_corr': -2.096514073457456e-10, 'L_sparse': 0.0019157088827341795, 'L_peak_gene': 166883.75}
Epoch   75/120 | loss: 22778985.8495 | {'L_ATAC': 5196035.0, 'L_RNA': 151370.5, 'L_KL': 4.581149578094482, 'L_TF_corr': 2.396016163253023e-10, 'L_sparse': 0.0019157088827341795, 'L_peak_gene': 166762.0625}
Epoch   76/120 | loss: 22892654.6667 | {'L_ATAC': 5112988.0, 'L_RNA': 154794.234375, 'L_KL': 4.752817153930664, 'L_TF_corr': -3.2945221550839676e-10, 'L_sparse': 0.0019157088827341795, 'L_peak_gene': 166640.375}
Epoch   77/120 | loss: 22787506.1290 | {'L_ATAC': 5903933.0, 'L_RNA': 168131.9375, 'L_KL': 4.781296730041504, 'L_TF_corr': -1.1980080816265115e-10, 'L_sparse': 0.0019157088827341795, 'L_peak_gene': 166517.578125}
Epoch   78/120 | loss: 23056860.0860 | {'L_ATAC': 5437730.0, 'L_RNA': 165763.75, 'L_KL': 4.7058491706848145, 'L_TF_corr': -2.396016163253023e-10, 'L_sparse': 0.0019157088827341795, 'L_peak_gene': 166418.96875}
Epoch   79/120 | loss: 22788689.1613 | {'L_ATAC': 5306887.0, 'L_RNA': 160908.6875, 'L_KL': 4.770268440246582, 'L_TF_corr': -0.0, 'L_sparse': 0.0019157088827341795, 'L_peak_gene': 166315.390625}
Epoch   80/120 | loss: 22757566.1505 | {'L_ATAC': 5684451.0, 'L_RNA': 175417.75, 'L_KL': 4.758350849151611, 'L_TF_corr': -2.396016163253023e-10, 'L_sparse': 0.0019157088827341795, 'L_peak_gene': 166192.6875}
  Saved checkpoint: checkpoints/checkpoint_epoch80.pt
Epoch   81/120 | loss: 22987456.0000 | {'L_ATAC': 5686061.5, 'L_RNA': 166575.5625, 'L_KL': 4.896382808685303, 'L_TF_corr': -3.144771110186184e-10, 'L_sparse': 0.0019157088827341795, 'L_peak_gene': 166088.09375}
Epoch   82/120 | loss: 22801127.5054 | {'L_ATAC': 5730855.0, 'L_RNA': 160849.109375, 'L_KL': 4.890460968017578, 'L_TF_corr': -3.5940242448795345e-10, 'L_sparse': 0.0019157088827341795, 'L_peak_gene': 165970.125}
Epoch   83/120 | loss: 22749748.4946 | {'L_ATAC': 5715286.0, 'L_RNA': 164848.03125, 'L_KL': 4.9464497566223145, 'L_TF_corr': -1.1980080816265115e-10, 'L_sparse': 0.0019157088827341795, 'L_peak_gene': 165864.625}
Epoch   84/120 | loss: 22806488.4516 | {'L_ATAC': 5449111.5, 'L_RNA': 162569.3125, 'L_KL': 4.906484127044678, 'L_TF_corr': 1.4975101020331394e-11, 'L_sparse': 0.0019157088827341795, 'L_peak_gene': 165743.8125}
Epoch   85/120 | loss: 22738691.2688 | {'L_ATAC': 5662252.0, 'L_RNA': 162272.15625, 'L_KL': 4.920999050140381, 'L_TF_corr': -0.0, 'L_sparse': 0.0019157088827341795, 'L_peak_gene': 165638.859375}
Epoch   86/120 | loss: 22713964.7742 | {'L_ATAC': 5300951.5, 'L_RNA': 160300.65625, 'L_KL': 4.955428123474121, 'L_TF_corr': -8.985060612198836e-11, 'L_sparse': 0.0019157088827341795, 'L_peak_gene': 165529.84375}
Epoch   87/120 | loss: 22652680.0000 | {'L_ATAC': 5814380.5, 'L_RNA': 165791.90625, 'L_KL': 4.867630481719971, 'L_TF_corr': -1.1980080816265115e-10, 'L_sparse': 0.0019157088827341795, 'L_peak_gene': 165443.1875}
Epoch   88/120 | loss: 22673543.4839 | {'L_ATAC': 5693911.0, 'L_RNA': 157694.234375, 'L_KL': 5.027292251586914, 'L_TF_corr': -1.1980080816265115e-10, 'L_sparse': 0.0019157088827341795, 'L_peak_gene': 165341.609375}
Epoch   89/120 | loss: 22680992.9247 | {'L_ATAC': 5476492.0, 'L_RNA': 162158.1875, 'L_KL': 5.003249645233154, 'L_TF_corr': 1.1980080816265115e-10, 'L_sparse': 0.0019157088827341795, 'L_peak_gene': 165250.984375}
Epoch   90/120 | loss: 22629757.8280 | {'L_ATAC': 5443016.0, 'L_RNA': 157353.140625, 'L_KL': 4.966160297393799, 'L_TF_corr': -2.995020342844157e-10, 'L_sparse': 0.0019157088827341795, 'L_peak_gene': 165154.75}
  Saved checkpoint: checkpoints/checkpoint_epoch90.pt
Epoch   91/120 | loss: 22731390.7097 | {'L_ATAC': 6313532.0, 'L_RNA': 168534.546875, 'L_KL': 5.020785808563232, 'L_TF_corr': 1.7970121224397673e-10, 'L_sparse': 0.0019157088827341795, 'L_peak_gene': 165046.046875}
Epoch   92/120 | loss: 22721686.4301 | {'L_ATAC': 5797757.5, 'L_RNA': 166238.328125, 'L_KL': 4.978094577789307, 'L_TF_corr': -2.995020342844157e-10, 'L_sparse': 0.0019157088827341795, 'L_peak_gene': 164943.890625}
Epoch   93/120 | loss: 22697604.3441 | {'L_ATAC': 5474380.5, 'L_RNA': 160636.96875, 'L_KL': 5.000664234161377, 'L_TF_corr': 5.990040408132558e-11, 'L_sparse': 0.0019157088827341795, 'L_peak_gene': 164837.59375}
Epoch   94/120 | loss: 22696690.4946 | {'L_ATAC': 5531531.0, 'L_RNA': 162756.53125, 'L_KL': 5.0034708976745605, 'L_TF_corr': -5.990040408132558e-11, 'L_sparse': 0.0019157088827341795, 'L_peak_gene': 164727.625}
Epoch   95/120 | loss: 22685209.6344 | {'L_ATAC': 5402471.0, 'L_RNA': 164353.03125, 'L_KL': 5.04500150680542, 'L_TF_corr': -2.69551825304859e-10, 'L_sparse': 0.0019157088827341795, 'L_peak_gene': 164637.40625}
Epoch   96/120 | loss: 22802309.3763 | {'L_ATAC': 6032966.0, 'L_RNA': 166169.6875, 'L_KL': 5.0842742919921875, 'L_TF_corr': 1.4975101714220784e-10, 'L_sparse': 0.0019157088827341795, 'L_peak_gene': 164528.96875}
Epoch   97/120 | loss: 22720522.9892 | {'L_ATAC': 5517342.0, 'L_RNA': 164113.03125, 'L_KL': 5.0938215255737305, 'L_TF_corr': 2.995020204066279e-11, 'L_sparse': 0.0019157088827341795, 'L_peak_gene': 164415.96875}
Epoch   98/120 | loss: 22666588.5161 | {'L_ATAC': 5752823.5, 'L_RNA': 162010.984375, 'L_KL': 5.139989376068115, 'L_TF_corr': -1.7970121224397673e-10, 'L_sparse': 0.0019157088827341795, 'L_peak_gene': 164311.625}
Epoch   99/120 | loss: 22650017.0968 | {'L_ATAC': 5631556.0, 'L_RNA': 161581.828125, 'L_KL': 5.1619367599487305, 'L_TF_corr': -2.396016163253023e-10, 'L_sparse': 0.0019157088827341795, 'L_peak_gene': 164209.421875}
Epoch  100/120 | loss: 22641769.7204 | {'L_ATAC': 5603780.0, 'L_RNA': 160375.4375, 'L_KL': 5.193178653717041, 'L_TF_corr': -1.7970121224397673e-10, 'L_sparse': 0.0019157088827341795, 'L_peak_gene': 164125.8125}
  Saved checkpoint: checkpoints/checkpoint_epoch100.pt
Epoch  101/120 | loss: 22702896.2796 | {'L_ATAC': 5725450.0, 'L_RNA': 160514.8125, 'L_KL': 5.2284064292907715, 'L_TF_corr': -0.0, 'L_sparse': 0.0019157088827341795, 'L_peak_gene': 164047.65625}
Epoch  102/120 | loss: 22661366.8387 | {'L_ATAC': 6144606.0, 'L_RNA': 168419.0, 'L_KL': 5.285342216491699, 'L_TF_corr': -2.995020342844157e-10, 'L_sparse': 0.0019157088827341795, 'L_peak_gene': 163949.59375}
Epoch  103/120 | loss: 22597984.6237 | {'L_ATAC': 5808935.0, 'L_RNA': 158408.703125, 'L_KL': 5.202085018157959, 'L_TF_corr': -3.444273199981751e-10, 'L_sparse': 0.0019157088827341795, 'L_peak_gene': 163857.03125}
Epoch  104/120 | loss: 22672521.8065 | {'L_ATAC': 5494982.0, 'L_RNA': 160550.296875, 'L_KL': 5.29674768447876, 'L_TF_corr': -1.4975101714220784e-10, 'L_sparse': 0.0019157088827341795, 'L_peak_gene': 163775.8125}
Epoch  105/120 | loss: 22571066.2796 | {'L_ATAC': 5648523.5, 'L_RNA': 155047.6875, 'L_KL': 5.210937023162842, 'L_TF_corr': 1.1980080816265115e-10, 'L_sparse': 0.0019157088827341795, 'L_peak_gene': 163681.984375}
Epoch  106/120 | loss: 22614938.4086 | {'L_ATAC': 5372098.0, 'L_RNA': 161844.84375, 'L_KL': 5.330183029174805, 'L_TF_corr': -3.2945221550839676e-10, 'L_sparse': 0.0019157088827341795, 'L_peak_gene': 163586.125}
Epoch  107/120 | loss: 22749112.8387 | {'L_ATAC': 5824376.0, 'L_RNA': 155471.25, 'L_KL': 5.168356895446777, 'L_TF_corr': -0.0, 'L_sparse': 0.0019157088827341795, 'L_peak_gene': 163486.796875}
Epoch  108/120 | loss: 22716585.8925 | {'L_ATAC': 5860126.5, 'L_RNA': 162564.75, 'L_KL': 5.2502617835998535, 'L_TF_corr': -2.69551825304859e-10, 'L_sparse': 0.0019157088827341795, 'L_peak_gene': 163395.1875}
Epoch  109/120 | loss: 22733022.2581 | {'L_ATAC': 5459049.0, 'L_RNA': 151786.484375, 'L_KL': 5.290497303009033, 'L_TF_corr': -1.7970121224397673e-10, 'L_sparse': 0.0019157088827341795, 'L_peak_gene': 163309.375}
Epoch  110/120 | loss: 22714490.9247 | {'L_ATAC': 5206549.5, 'L_RNA': 158718.09375, 'L_KL': 5.394601821899414, 'L_TF_corr': -2.396016163253023e-10, 'L_sparse': 0.0019157088827341795, 'L_peak_gene': 163218.859375}
  Saved checkpoint: checkpoints/checkpoint_epoch110.pt
Epoch  111/120 | loss: 22580500.9677 | {'L_ATAC': 5929739.5, 'L_RNA': 163091.5625, 'L_KL': 5.30320405960083, 'L_TF_corr': -2.2462651183552396e-10, 'L_sparse': 0.0019157088827341795, 'L_peak_gene': 163127.6875}
Epoch  112/120 | loss: 22587067.1398 | {'L_ATAC': 5578698.0, 'L_RNA': 160225.390625, 'L_KL': 5.446390628814697, 'L_TF_corr': -3.5940242448795345e-10, 'L_sparse': 0.0019157088827341795, 'L_peak_gene': 163049.71875}
Epoch  113/120 | loss: 22536761.9140 | {'L_ATAC': 5593557.5, 'L_RNA': 155985.96875, 'L_KL': 5.352489948272705, 'L_TF_corr': 8.985060612198836e-11, 'L_sparse': 0.0019157088827341795, 'L_peak_gene': 162958.875}
Epoch  114/120 | loss: 22606148.2581 | {'L_ATAC': 5257041.5, 'L_RNA': 151092.328125, 'L_KL': 5.486341953277588, 'L_TF_corr': -2.396016163253023e-10, 'L_sparse': 0.0019157088827341795, 'L_peak_gene': 162879.40625}
Epoch  115/120 | loss: 22536372.8172 | {'L_ATAC': 5699479.0, 'L_RNA': 156564.40625, 'L_KL': 5.421209335327148, 'L_TF_corr': -3.5940242448795345e-10, 'L_sparse': 0.0019157088827341795, 'L_peak_gene': 162793.578125}
Epoch  116/120 | loss: 22645320.5591 | {'L_ATAC': 5543586.0, 'L_RNA': 153460.640625, 'L_KL': 5.351667404174805, 'L_TF_corr': -4.792032326506046e-10, 'L_sparse': 0.0019157088827341795, 'L_peak_gene': 162701.21875}
Epoch  117/120 | loss: 22553929.7849 | {'L_ATAC': 5541057.0, 'L_RNA': 156225.4375, 'L_KL': 5.476564407348633, 'L_TF_corr': -1.4975101020331394e-11, 'L_sparse': 0.0019157088827341795, 'L_peak_gene': 162637.28125}
Epoch  118/120 | loss: 22558887.9140 | {'L_ATAC': 5511046.5, 'L_RNA': 167070.609375, 'L_KL': 5.546637535095215, 'L_TF_corr': -2.69551825304859e-10, 'L_sparse': 0.0019157088827341795, 'L_peak_gene': 162559.8125}
Epoch  119/120 | loss: 22592924.2151 | {'L_ATAC': 5270039.0, 'L_RNA': 152202.78125, 'L_KL': 5.552862167358398, 'L_TF_corr': 2.995020204066279e-11, 'L_sparse': 0.0019157088827341795, 'L_peak_gene': 162474.40625}
Epoch  120/120 | loss: 22646027.2903 | {'L_ATAC': 5828351.0, 'L_RNA': 166056.15625, 'L_KL': 5.481709957122803, 'L_TF_corr': -4.043277379572885e-10, 'L_sparse': 0.0019157088827341795, 'L_peak_gene': 162396.765625}
  Saved checkpoint: checkpoints/checkpoint_epoch120.pt

Training history saved to checkpoints/training/pretrain/training_history.json
  Plots saved to checkpoints/training/pretrain/
